<?xml version="1.0" encoding="UTF-8"?>
<!-- Generated by org.testng.reporters.JUnitReportReporter -->
<testsuite hostname="INLEN8520087462" failures="0" tests="3" name="cucumber_options.TestRunner" time="27.907" errors="0" timestamp="2022-12-29T14:39:11 IST" skipped="0">
  <testcase classname="cucumber_options.TestRunner" name="runScenario" time="9.507"/>
  <system-out/>
  <testcase classname="cucumber_options.TestRunner" name="runScenario" time="9.028"/>
  <system-out/>
  <testcase classname="cucumber_options.TestRunner" name="runScenario" time="9.372"/>
  <system-out/>
</testsuite> <!-- cucumber_options.TestRunner -->
